<?xml version="1.0" encoding="UTF-8"?>
<!-- Generated by org.testng.reporters.JUnitReportReporter -->
<testsuite hostname="TestTriangle" name="Hiber.Maheshapp" tests="2" failures="0" timestamp="7 Dec 2015 11:35:04 GMT" time="85.659" errors="0">
  <testcase name="ticket" time="41.306" classname="Hiber.Maheshapp"/>
  <testcase name="login" time="44.353" classname="Hiber.Maheshapp"/>
</testsuite> <!-- Hiber.Maheshapp -->
