<?xml version="1.0" encoding="UTF-8"?>
<!-- Generated by org.testng.reporters.JUnitReportReporter -->
<testsuite hostname="TestTriangle" name="Hiber.Discover" tests="1" failures="0" timestamp="7 Dec 2015 11:35:04 GMT" time="84.805" errors="0">
  <testcase name="discover" time="84.805" classname="Hiber.Discover"/>
</testsuite> <!-- Hiber.Discover -->
